Build started 17/07/2016 18:46:24.
     1>Project "C:\Users\Dad_2\Documents\Visual Studio 2013\Projects\Project1\Project1\Project1.vcxproj" on node 2 (Build target(s)).
     1>ClCompile:
         C:\Program Files (x86)\Microsoft Visual Studio 12.0\VC\bin\CL.exe /c /ZI /nologo /W3 /WX- /sdl /Od /Oy- /D _MBCS /Gm /EHsc /RTC1 /MDd /GS /fp:precise /Zc:wchar_t /Zc:forScope /Fo"Debug\\" /Fd"Debug\vc120.pdb" /Gd /TP /analyze- /errorReport:prompt asteroidsGame.cpp cAsteroid.cpp cBkGround.cpp cBullet.cpp cButton.cpp cFont.cpp cFontMgr.cpp cInputMgr.cpp cRocket.cpp cSound.cpp cSoundMgr.cpp cSprite.cpp cTexture.cpp cWNDManager.cpp main.cpp
         main.cpp
     1>c:\users\dad_2\documents\visual studio 2013\projects\project1\project1\main.cpp(163): error C2259: 'cButton' : cannot instantiate abstract class
                 due to following members:
                 'void cSprite::update(float)' : is abstract
                 c:\users\dad_2\documents\visual studio 2013\projects\project1\project1\csprite.h(64) : see declaration of 'cSprite::update'
     1>c:\users\dad_2\documents\visual studio 2013\projects\project1\project1\main.cpp(169): error C2259: 'cButton' : cannot instantiate abstract class
                 due to following members:
                 'void cSprite::update(float)' : is abstract
                 c:\users\dad_2\documents\visual studio 2013\projects\project1\project1\csprite.h(64) : see declaration of 'cSprite::update'
         cInputMgr.cpp
         cFont.cpp
         cButton.cpp
     1>c:\users\dad_2\documents\visual studio 2013\projects\project1\project1\cbutton.cpp(42): warning C4244: 'argument' : conversion from 'int' to 'GLfloat', possible loss of data
     1>c:\users\dad_2\documents\visual studio 2013\projects\project1\project1\cbutton.cpp(44): warning C4244: 'argument' : conversion from 'int' to 'GLfloat', possible loss of data
     1>c:\users\dad_2\documents\visual studio 2013\projects\project1\project1\cbutton.cpp(46): warning C4244: 'argument' : conversion from 'int' to 'GLfloat', possible loss of data
     1>c:\users\dad_2\documents\visual studio 2013\projects\project1\project1\cbutton.cpp(72): warning C4244: 'argument' : conversion from 'int' to 'GLfloat', possible loss of data
     1>c:\users\dad_2\documents\visual studio 2013\projects\project1\project1\cbutton.cpp(74): warning C4244: 'argument' : conversion from 'int' to 'GLfloat', possible loss of data
     1>c:\users\dad_2\documents\visual studio 2013\projects\project1\project1\cbutton.cpp(76): warning C4244: 'argument' : conversion from 'int' to 'GLfloat', possible loss of data
         Generating Code...
         Compiling...
         cWNDManager.cpp
         cTexture.cpp
         cSprite.cpp
     1>c:\users\dad_2\documents\visual studio 2013\projects\project1\project1\csprite.cpp(106): warning C4244: '=' : conversion from 'int' to 'float', possible loss of data
     1>c:\users\dad_2\documents\visual studio 2013\projects\project1\project1\csprite.cpp(107): warning C4244: '=' : conversion from 'int' to 'float', possible loss of data
     1>c:\users\dad_2\documents\visual studio 2013\projects\project1\project1\csprite.cpp(180): warning C4244: 'argument' : conversion from 'int' to 'GLfloat', possible loss of data
     1>c:\users\dad_2\documents\visual studio 2013\projects\project1\project1\csprite.cpp(182): warning C4244: 'argument' : conversion from 'int' to 'GLfloat', possible loss of data
     1>c:\users\dad_2\documents\visual studio 2013\projects\project1\project1\csprite.cpp(184): warning C4244: 'argument' : conversion from 'int' to 'GLfloat', possible loss of data
     1>c:\users\dad_2\documents\visual studio 2013\projects\project1\project1\csprite.cpp(206): warning C4244: '=' : conversion from 'int' to 'float', possible loss of data
     1>c:\users\dad_2\documents\visual studio 2013\projects\project1\project1\csprite.cpp(241): warning C4244: '=' : conversion from 'float' to 'LONG', possible loss of data
     1>c:\users\dad_2\documents\visual studio 2013\projects\project1\project1\csprite.cpp(242): warning C4244: '=' : conversion from 'float' to 'LONG', possible loss of data
     1>c:\users\dad_2\documents\visual studio 2013\projects\project1\project1\csprite.cpp(243): warning C4244: '=' : conversion from 'float' to 'LONG', possible loss of data
     1>c:\users\dad_2\documents\visual studio 2013\projects\project1\project1\csprite.cpp(244): warning C4244: '=' : conversion from 'float' to 'LONG', possible loss of data
     1>c:\users\dad_2\documents\visual studio 2013\projects\project1\project1\csprite.cpp(301): warning C4244: 'argument' : conversion from 'LONG' to 'GLfloat', possible loss of data
     1>c:\users\dad_2\documents\visual studio 2013\projects\project1\project1\csprite.cpp(313): warning C4244: 'argument' : conversion from 'int' to 'GLfloat', possible loss of data
     1>c:\users\dad_2\documents\visual studio 2013\projects\project1\project1\csprite.cpp(314): warning C4244: 'argument' : conversion from 'int' to 'GLfloat', possible loss of data
     1>c:\users\dad_2\documents\visual studio 2013\projects\project1\project1\csprite.cpp(315): warning C4244: 'argument' : conversion from 'int' to 'GLfloat', possible loss of data
         cSoundMgr.cpp
         cSound.cpp
         cRocket.cpp
     1>c:\users\dad_2\documents\visual studio 2013\projects\project1\project1\crocket.cpp(23): warning C4244: 'argument' : conversion from 'int' to 'GLfloat', possible loss of data
     1>c:\users\dad_2\documents\visual studio 2013\projects\project1\project1\crocket.cpp(25): warning C4244: 'argument' : conversion from 'int' to 'GLfloat', possible loss of data
     1>c:\users\dad_2\documents\visual studio 2013\projects\project1\project1\crocket.cpp(27): warning C4244: 'argument' : conversion from 'int' to 'GLfloat', possible loss of data
     1>c:\users\dad_2\documents\visual studio 2013\projects\project1\project1\crocket.cpp(29): warning C4244: 'argument' : conversion from 'int' to 'GLfloat', possible loss of data
         cFontMgr.cpp
         cBullet.cpp
     1>c:\users\dad_2\documents\visual studio 2013\projects\project1\project1\cbullet.cpp(23): warning C4244: 'argument' : conversion from 'int' to 'GLfloat', possible loss of data
     1>c:\users\dad_2\documents\visual studio 2013\projects\project1\project1\cbullet.cpp(25): warning C4244: 'argument' : conversion from 'int' to 'GLfloat', possible loss of data
     1>c:\users\dad_2\documents\visual studio 2013\projects\project1\project1\cbullet.cpp(27): warning C4244: 'argument' : conversion from 'int' to 'GLfloat', possible loss of data
     1>c:\users\dad_2\documents\visual studio 2013\projects\project1\project1\cbullet.cpp(29): warning C4244: 'argument' : conversion from 'int' to 'GLfloat', possible loss of data
     1>c:\users\dad_2\documents\visual studio 2013\projects\project1\project1\cbullet.cpp(91): warning C4244: 'argument' : conversion from 'LONG' to 'GLfloat', possible loss of data
     1>c:\users\dad_2\documents\visual studio 2013\projects\project1\project1\cbullet.cpp(102): warning C4244: 'argument' : conversion from 'LONG' to 'GLfloat', possible loss of data
     1>c:\users\dad_2\documents\visual studio 2013\projects\project1\project1\cbullet.cpp(103): warning C4244: 'argument' : conversion from 'LONG' to 'GLfloat', possible loss of data
     1>c:\users\dad_2\documents\visual studio 2013\projects\project1\project1\cbullet.cpp(104): warning C4244: 'argument' : conversion from 'LONG' to 'GLfloat', possible loss of data
     1>c:\users\dad_2\documents\visual studio 2013\projects\project1\project1\cbullet.cpp(105): warning C4244: 'argument' : conversion from 'LONG' to 'GLfloat', possible loss of data
         cBkGround.cpp
         cAsteroid.cpp
     1>c:\users\dad_2\documents\visual studio 2013\projects\project1\project1\casteroid.cpp(25): warning C4244: 'argument' : conversion from 'int' to 'GLfloat', possible loss of data
     1>c:\users\dad_2\documents\visual studio 2013\projects\project1\project1\casteroid.cpp(27): warning C4244: 'argument' : conversion from 'int' to 'GLfloat', possible loss of data
     1>c:\users\dad_2\documents\visual studio 2013\projects\project1\project1\casteroid.cpp(29): warning C4244: 'argument' : conversion from 'int' to 'GLfloat', possible loss of data
     1>c:\users\dad_2\documents\visual studio 2013\projects\project1\project1\casteroid.cpp(31): warning C4244: 'argument' : conversion from 'int' to 'GLfloat', possible loss of data
     1>c:\users\dad_2\documents\visual studio 2013\projects\project1\project1\casteroid.cpp(84): warning C4244: 'argument' : conversion from 'LONG' to 'GLfloat', possible loss of data
     1>c:\users\dad_2\documents\visual studio 2013\projects\project1\project1\casteroid.cpp(95): warning C4244: 'argument' : conversion from 'LONG' to 'GLfloat', possible loss of data
     1>c:\users\dad_2\documents\visual studio 2013\projects\project1\project1\casteroid.cpp(96): warning C4244: 'argument' : conversion from 'LONG' to 'GLfloat', possible loss of data
     1>c:\users\dad_2\documents\visual studio 2013\projects\project1\project1\casteroid.cpp(97): warning C4244: 'argument' : conversion from 'LONG' to 'GLfloat', possible loss of data
     1>c:\users\dad_2\documents\visual studio 2013\projects\project1\project1\casteroid.cpp(98): warning C4244: 'argument' : conversion from 'LONG' to 'GLfloat', possible loss of data
         asteroidsGame.cpp
         Generating Code...
     1>Done Building Project "C:\Users\Dad_2\Documents\Visual Studio 2013\Projects\Project1\Project1\Project1.vcxproj" (Build target(s)) -- FAILED.

Build FAILED.

Time Elapsed 00:01:22.08
